Arguments: 
  E:\nvm_node\nodejs\node.exe D:\Program Files\Node.js\node_cache\node_modules\yarn\bin\yarn.js add webpack-dev-sever

PATH: 
  C:\Program Files\Rockwell Software\RSCommon;C:\Program Files (x86)\Intel\Intel(R) Management Engine Components\iCLS\;C:\Program Files\Intel\Intel(R) Management Engine Components\iCLS\;C:\WINDOWS\system32;C:\WINDOWS;C:\WINDOWS\System32\Wbem;C:\WINDOWS\System32\WindowsPowerShell\v1.0\;C:\WINDOWS\System32\OpenSSH\;C:\Program Files (x86)\Intel\Intel(R) Management Engine Components\DAL;C:\Program Files\Intel\Intel(R) Management Engine Components\DAL;C:\Program Files (x86)\Intel\Intel(R) Management Engine Components\IPT;C:\Program Files\Intel\Intel(R) Management Engine Components\IPT;F:\Program Files\Microsoft SQL Server\120\DTS\Binn\;F:\Program Files\Microsoft SQL Server\Client SDK\ODBC\110\Tools\Binn\;F:\Program Files (x86)\Microsoft SQL Server\120\Tools\Binn\;D:\Program Files\Python\Python27;F:\Program Files\Microsoft SQL Server\120\Tools\Binn\;F:\Program Files (x86)\Microsoft SQL Server\120\Tools\Binn\ManagementStudio\;F:\Program Files (x86)\Microsoft SQL Server\120\DTS\Binn\;C:\Program Files\Common Files\Tom Sawyer Software\10.0.0;F:\虚拟驱动\安装\common;%Syst;mRoot%\system32;C:\WINDOWS;C:\WINDOWS\System32\Wbem;C:\WINDOWS\System32\WindowsPowerShell\v1.0\;C:\WINDOWS\System32\OpenSSH\;D:\Anaconda3\;D:\Anaconda3\Scripts\;D:\Anaconda3\Library\bin;C:\Program Files\dotnet\;F:\Program Files\Microsoft SQL Server\130\Tools\Binn\;F:\Program Files\Microsoft SQL Server\Client SDK\ODBC\170\Tools\Binn\;D:\Program Files\Git\cmd;D:\Program Files\Node.js\node_cache\node_modules\n\;D:\Program Files\Node.js\node_cache\;D:\Program Files\Node.js\node_cache\node_modules\yarn\bin;F:\Program Files (x86)\微信web开发者工具\dll;E:\nvm_node\nvm\nvm;E:\nvm_node\nodejs;F:\Go\bin;D:\Program Files\Python\Python39\Scripts\;D:\Program Files\Python\Python39\;C:\Users\23223\AppData\Local\Microsoft\WindowsApps;D:\Program Files\JetBrains\PyCharm Community Edition 2020.2.4\bin;D:\Program Files\Fiddler\Fiddler;D:\Program Files\Microsoft VS Code\bin;D:\Program Files\Node.js\node_global;F:\Program Files\Bandizip\;C:\Program Files\Google\Chrome\Application;C:\Users\23223\AppData\Local\Microsoft\WindowsApps;C:\Users\23223\.dotnet\tools;C:\Users\23223\AppData\Roaming\npm;E:\nvm_node\nvm\nvm;E:\nvm_node\nodejs;

Yarn version: 
  1.22.15

Node version: 
  14.17.1

Platform: 
  win32 x64

Trace: 
  Error: https://registry.npm.taobao.org/webpack-dev-sever: [NOT_FOUND] webpack-dev-sever not found
      at Request.params.callback [as _callback] (D:\Program Files\Node.js\node_cache\node_modules\yarn\lib\cli.js:66140:18)
      at Request.self.callback (D:\Program Files\Node.js\node_cache\node_modules\yarn\lib\cli.js:140885:22)
      at Request.emit (events.js:375:28)
      at Request.<anonymous> (D:\Program Files\Node.js\node_cache\node_modules\yarn\lib\cli.js:141857:10)
      at Request.emit (events.js:375:28)
      at Gunzip.<anonymous> (D:\Program Files\Node.js\node_cache\node_modules\yarn\lib\cli.js:141779:12)
      at Object.onceWrapper (events.js:481:28)
      at Gunzip.emit (events.js:375:28)
      at endReadableNT (internal/streams/readable.js:1317:12)
      at processTicksAndRejections (internal/process/task_queues.js:82:21)

npm manifest: 
  {
    "name": "web",
    "version": "1.0.0",
    "description": "",
    "main": "index.js",
    "scripts": {
      "start": "webpack-dev-server --open --config ./config/webpack.config.js"
    },
    "author": "",
    "license": "ISC",
    "dependencies": {
      "@babel/plugin-proposal-class-properties": "^7.18.6",
      "@babel/preset-react": "^7.18.6",
      "axios": "^0.27.2",
      "babel-eslint": "^10.1.0",
      "css-loader": "^3.2.0",
      "eslint-loader": "^4.0.2",
      "html-webpack-plugin": "^3.2.0",
      "react": "^18.2.0",
      "react-dom": "^18.2.0",
      "react-router-dom": "^6.3.0",
      "sass": "^1.54.0",
      "sass-loader": "^10.2.0",
      "sass-resources-loader": "^2.2.5",
      "style-loader": "^1.0.0",
      "url-loader": "^4.1.1",
      "webpack-cli": "^3.3.9",
      "webpack-dev-server": "^3.8.2"
    },
    "devDependencies": {
      "@babel/core": "^7.18.9",
      "@babel/preset-env": "^7.18.9",
      "babel-loader": "^8.2.5",
      "webpack": "^4.46.0"
    }
  }

yarn manifest: 
  No manifest

Lockfile: 
  No lockfile
